<?xml version="1.0" encoding="UTF-8"?>
<testsuites>
  <testsuite name="/home/bubak/Sites/notifier-package/phpunit.xml" tests="2" assertions="3" errors="0" failures="0" skipped="0" time="0.039656">
    <testsuite name="Notifier Test Suite" tests="2" assertions="3" errors="0" failures="0" skipped="0" time="0.039656">
      <testsuite name="Devuni\Notifier\Tests\Unit\NotifierServiceProviderTest" file="/home/bubak/Sites/notifier-package/tests/Unit/NotifierServiceProviderTest.php" tests="2" assertions="3" errors="0" failures="0" skipped="0" time="0.039656">
        <testcase name="test_package_config_is_loaded" file="/home/bubak/Sites/notifier-package/tests/Unit/NotifierServiceProviderTest.php" line="26" class="Devuni\Notifier\Tests\Unit\NotifierServiceProviderTest" classname="Devuni.Notifier.Tests.Unit.NotifierServiceProviderTest" assertions="1" time="0.037566"/>
        <testcase name="test_service_provider_is_loaded" file="/home/bubak/Sites/notifier-package/tests/Unit/NotifierServiceProviderTest.php" line="15" class="Devuni\Notifier\Tests\Unit\NotifierServiceProviderTest" classname="Devuni.Notifier.Tests.Unit.NotifierServiceProviderTest" assertions="2" time="0.002091"/>
      </testsuite>
    </testsuite>
  </testsuite>
</testsuites>
